<?xml version="1.0" encoding="UTF-8"?>
<!-- Generated by org.testng.reporters.JUnitXMLReporter -->
<testsuite ignored="1" hostname="LTIN517422" failures="0" tests="2" name="Default test" time="4.759" errors="0" timestamp="2024-08-26T17:15:07 IST">
  <testcase classname="CentralPackage.FirstPostRequest" name="testCase02_UpdatePlace" time="3.601"/>
  <testcase classname="CentralPackage.FirstPostRequest" name="testCase03_GetPlace" time="1.115"/>
  <testcase classname="CentralPackage.FirstPostRequest" name="testCase01_AddPlace" time="0.0">
    <ignored/>
  </testcase> <!-- testCase01_AddPlace -->
</testsuite> <!-- Default test -->
