<?xml version="1.0" encoding="UTF-8"?>
<testng-results ignored="0" total="1" passed="1" failed="0" skipped="0">
  <reporter-output>
  </reporter-output>
  <suite started-at="2024-08-25T18:22:03 IST" name="Default suite" finished-at="2024-08-25T18:22:06 IST" duration-ms="3035">
    <groups>
    </groups>
    <test started-at="2024-08-25T18:22:03 IST" name="Default test" finished-at="2024-08-25T18:22:06 IST" duration-ms="3035">
      <class name="CentralPackage.PostRequest">
        <test-method signature="testCase01()[pri:0, instance:CentralPackage.PostRequest@34b7ac2f]" started-at="2024-08-25T18:22:03 IST" name="testCase01" finished-at="2024-08-25T18:22:06 IST" duration-ms="2982" status="PASS">
          <reporter-output>
          </reporter-output>
        </test-method> <!-- testCase01 -->
      </class> <!-- CentralPackage.PostRequest -->
    </test> <!-- Default test -->
  </suite> <!-- Default suite -->
</testng-results>
