<?xml version="1.0" encoding="UTF-8"?>
<testng-results ignored="0" total="2" passed="2" failed="0" skipped="0">
  <reporter-output>
  </reporter-output>
  <suite started-at="2024-08-25T17:49:14 IST" name="Default suite" finished-at="2024-08-25T17:49:17 IST" duration-ms="2780">
    <groups>
    </groups>
    <test started-at="2024-08-25T17:49:14 IST" name="Default test" finished-at="2024-08-25T17:49:17 IST" duration-ms="2780">
      <class name="CentralPackage.FirstGetRequest">
        <test-method signature="testCase01()[pri:0, instance:CentralPackage.FirstGetRequest@34b7ac2f]" started-at="2024-08-25T17:49:14 IST" name="testCase01" finished-at="2024-08-25T17:49:16 IST" duration-ms="2383" status="PASS">
          <reporter-output>
          </reporter-output>
        </test-method> <!-- testCase01 -->
        <test-method signature="testcase02()[pri:0, instance:CentralPackage.FirstGetRequest@34b7ac2f]" started-at="2024-08-25T17:49:16 IST" name="testcase02" finished-at="2024-08-25T17:49:17 IST" duration-ms="334" status="PASS">
          <reporter-output>
          </reporter-output>
        </test-method> <!-- testcase02 -->
      </class> <!-- CentralPackage.FirstGetRequest -->
    </test> <!-- Default test -->
  </suite> <!-- Default suite -->
</testng-results>
